[07-Jun-2021 07:36:32 Europe/Berlin] SELECT id,box_item_id
			FROM
			&TB_PREF&flower_boxes		
			WHERE flower_item_id='SpPi42' GROUP BY box_item_id
[07-Jun-2021 07:36:32 Europe/Berlin] start------------
[07-Jun-2021 07:36:32 Europe/Berlin] 1
[07-Jun-2021 07:36:32 Europe/Berlin] 8
[07-Jun-2021 07:36:32 Europe/Berlin] end--------------------;;;;;;
[07-Jun-2021 07:37:03 Europe/Berlin] SELECT id,box_item_id
			FROM
			&TB_PREF&flower_boxes		
			WHERE flower_item_id='SpPi42' GROUP BY box_item_id
[07-Jun-2021 07:37:03 Europe/Berlin] start------------
[07-Jun-2021 07:37:03 Europe/Berlin] 1
[07-Jun-2021 07:37:03 Europe/Berlin] 8
[07-Jun-2021 07:37:03 Europe/Berlin] end--------------------;;;;;;
[07-Jun-2021 07:38:18 Europe/Berlin] SELECT id,box_item_id
			FROM
			&TB_PREF&flower_boxes		
			WHERE flower_item_id='SpPi42' GROUP BY box_item_id
[07-Jun-2021 07:38:21 Europe/Berlin] SELECT id,box_item_id
			FROM
			&TB_PREF&flower_boxes		
			WHERE flower_item_id='SpPi42' GROUP BY box_item_id
[07-Jun-2021 07:38:21 Europe/Berlin] SELECT id,box_item_id
			FROM
			&TB_PREF&flower_boxes		
			WHERE flower_item_id='SpPi42' GROUP BY box_item_id
[07-Jun-2021 07:38:22 Europe/Berlin] SELECT id,box_item_id
			FROM
			&TB_PREF&flower_boxes		
			WHERE flower_item_id='SpPi42' GROUP BY box_item_id
[07-Jun-2021 07:38:23 Europe/Berlin] SELECT id,box_item_id
			FROM
			&TB_PREF&flower_boxes		
			WHERE flower_item_id='SpPi42' GROUP BY box_item_id
